<?xml version="1.0" encoding="UTF-8"?>
<testsuite name="be.kdg.dishsg.DishsgApplicationTests" tests="1" skipped="0" failures="0" errors="0" timestamp="2026-05-09T21:28:04.907Z" hostname="Sebastians-MacBook-Air.local" time="0.235">
  <properties/>
  <testcase name="contextLoads()" classname="be.kdg.dishsg.DishsgApplicationTests" time="0.235"/>
  <system-out><![CDATA[23:28:02.632 [Test worker] INFO org.springframework.test.context.support.AnnotationConfigContextLoaderUtils -- Could not detect default configuration classes for test class [be.kdg.dishsg.DishsgApplicationTests]: DishsgApplicationTests does not declare any static, non-private, non-final, nested classes annotated with @Configuration.
23:28:02.673 [Test worker] INFO org.springframework.boot.test.context.SpringBootTestContextBootstrapper -- Found @SpringBootConfiguration be.kdg.dishsg.DishsgApplication for test class be.kdg.dishsg.DishsgApplicationTests

  .   ____          _            __ _ _
 /\\ / ___'_ __ _ _(_)_ __  __ _ \ \ \ \
( ( )\___ | '_ | '_| | '_ \/ _` | \ \ \ \
 \\/  ___)| |_)| | | | | || (_| |  ) ) ) )
  '  |____| .__|_| |_|_| |_\__, | / / / /
 =========|_|==============|___/=/_/_/_/

 :: Spring Boot ::                (v3.5.6)

2026-05-09T23:28:02.814+02:00  INFO 91230 --- [    Test worker] be.kdg.dishsg.DishsgApplicationTests     : Starting DishsgApplicationTests using Java 21.0.8 with PID 91230 (started by sebastian in /Users/sebastian/IdeaProjects/backendKeepDishes)
2026-05-09T23:28:02.814+02:00  INFO 91230 --- [    Test worker] be.kdg.dishsg.DishsgApplicationTests     : No active profile set, falling back to 1 default profile: "default"
2026-05-09T23:28:03.058+02:00  INFO 91230 --- [    Test worker] .s.d.r.c.RepositoryConfigurationDelegate : Bootstrapping Spring Data JPA repositories in DEFAULT mode.
2026-05-09T23:28:03.083+02:00  INFO 91230 --- [    Test worker] .s.d.r.c.RepositoryConfigurationDelegate : Finished Spring Data repository scanning in 23 ms. Found 3 JPA repository interfaces.
2026-05-09T23:28:03.266+02:00  INFO 91230 --- [    Test worker] o.hibernate.jpa.internal.util.LogHelper  : HHH000204: Processing PersistenceUnitInfo [name: default]
2026-05-09T23:28:03.279+02:00  INFO 91230 --- [    Test worker] org.hibernate.Version                    : HHH000412: Hibernate ORM core version 6.6.29.Final
2026-05-09T23:28:03.289+02:00  INFO 91230 --- [    Test worker] o.h.c.internal.RegionFactoryInitiator    : HHH000026: Second-level cache disabled
2026-05-09T23:28:03.369+02:00  INFO 91230 --- [    Test worker] o.s.o.j.p.SpringPersistenceUnitInfo      : No LoadTimeWeaver setup: ignoring JPA class transformer
2026-05-09T23:28:03.378+02:00  INFO 91230 --- [    Test worker] com.zaxxer.hikari.HikariDataSource       : HikariPool-1 - Starting...
2026-05-09T23:28:03.437+02:00  INFO 91230 --- [    Test worker] com.zaxxer.hikari.pool.HikariPool        : HikariPool-1 - Added connection conn0: url=jdbc:h2:mem:testdb user=SA
2026-05-09T23:28:03.437+02:00  INFO 91230 --- [    Test worker] com.zaxxer.hikari.HikariDataSource       : HikariPool-1 - Start completed.
2026-05-09T23:28:03.445+02:00  WARN 91230 --- [    Test worker] org.hibernate.orm.deprecation            : HHH90000025: H2Dialect does not need to be specified explicitly using 'hibernate.dialect' (remove the property setting and it will be selected by default)
2026-05-09T23:28:03.451+02:00  INFO 91230 --- [    Test worker] org.hibernate.orm.connections.pooling    : HHH10001005: Database info:
	Database JDBC URL [Connecting through datasource 'HikariDataSource (HikariPool-1)']
	Database driver: undefined/unknown
	Database version: 2.3.232
	Autocommit mode: undefined/unknown
	Isolation level: undefined/unknown
	Minimum pool size: undefined/unknown
	Maximum pool size: undefined/unknown
2026-05-09T23:28:03.745+02:00  INFO 91230 --- [    Test worker] o.h.e.t.j.p.i.JtaPlatformInitiator       : HHH000489: No JTA platform available (set 'hibernate.transaction.jta.platform' to enable JTA platform integration)
2026-05-09T23:28:03.761+02:00  INFO 91230 --- [    Test worker] j.LocalContainerEntityManagerFactoryBean : Initialized JPA EntityManagerFactory for persistence unit 'default'
2026-05-09T23:28:04.026+02:00  WARN 91230 --- [    Test worker] JpaBaseConfiguration$JpaWebConfiguration : spring.jpa.open-in-view is enabled by default. Therefore, database queries may be performed during view rendering. Explicitly configure spring.jpa.open-in-view to disable this warning
2026-05-09T23:28:04.318+02:00  INFO 91230 --- [    Test worker] be.kdg.dishsg.DishsgApplicationTests     : Started DishsgApplicationTests in 1.596 seconds (process running for 1.974)
2026-05-09T23:28:04.328+02:00  INFO 91230 --- [    Test worker] com.tngtech.archunit.core.PluginLoader   : Detected Java version 21.0.8
2026-05-09T23:28:04.901+02:00  INFO 91230 --- [    Test worker] be.kdg.dishsg.DishsgApplication          : 
# Catalog
> Logical name: catalog
> Base package: be.kdg.dishsg.catalog
> Excluded packages: none
> Spring beans:
  o ….adapter.out.persistence.DishPersistenceAdapter
  o ….adapter.out.persistence.SpringDataDishRepository
  o ….app.ApplyPendingChangesService
  o ….app.DishDraftService
  o ….app.DishPublishingService
  o ….app.DishStockService
  o ….web.DishController

2026-05-09T23:28:04.901+02:00  INFO 91230 --- [    Test worker] be.kdg.dishsg.DishsgApplication          : 
# Common
> Logical name: common
> Base package: be.kdg.dishsg.common
> Excluded packages: none
> Spring beans:
  o ….config.RabbitMQConfig
  o org.springframework.amqp.rabbit.config.SimpleRabbitListenerContainerFactory
  o org.springframework.amqp.support.converter.MessageConverter

2026-05-09T23:28:04.901+02:00  INFO 91230 --- [    Test worker] be.kdg.dishsg.DishsgApplication          : 
# Security
> Logical name: security
> Base package: be.kdg.dishsg.security
> Excluded packages: none
> Spring beans:
  o ….adapter.in.web.AuthController
  o ….adapter.in.web.AuthExceptionHandler
  o ….application.OwnerAuthenticationService
  o ….application.OwnerLoginServiceImpl
  o ….config.SecurityConfing
  o ….infra.auth.OwnerSessionAuthenticationFilter
  o ….infra.auth.OwnerSessionTokenStore
  o ….infra.persistence.OwnerAccountRepositoryAdapter
  o ….infra.persistence.SpringDataOwnerAccountRepository
  o org.springframework.security.crypto.password.PasswordEncoder
  o org.springframework.security.oauth2.server.resource.authentication.JwtAuthenticationConverter
  o org.springframework.security.web.SecurityFilterChain
  o org.springframework.web.cors.CorsConfigurationSource

2026-05-09T23:28:04.902+02:00  INFO 91230 --- [    Test worker] be.kdg.dishsg.DishsgApplication          : 
# Restaurant
> Logical name: restaurant
> Base package: be.kdg.dishsg.restaurant
> Excluded packages: none
> Spring beans:
  o ….app.CreateRestaurantService
  o ….infra.adapter.RestaurantRepositoryAdapter
  o ….infra.persistence.RestaurantJpaRepository
  o ….web.RestaurantController

]]></system-out>
  <system-err><![CDATA[Mockito is currently self-attaching to enable the inline-mock-maker. This will no longer work in future releases of the JDK. Please add Mockito as an agent to your build as described in Mockito's documentation: https://javadoc.io/doc/org.mockito/mockito-core/latest/org.mockito/org/mockito/Mockito.html#0.3
WARNING: A Java agent has been loaded dynamically (/Users/sebastian/.gradle/caches/modules-2/files-2.1/net.bytebuddy/byte-buddy-agent/1.17.7/fbf3d6d649ed37fc9e9c59480a05be0a26e3c2da/byte-buddy-agent-1.17.7.jar)
WARNING: If a serviceability tool is in use, please run with -XX:+EnableDynamicAgentLoading to hide this warning
WARNING: If a serviceability tool is not in use, please run with -Djdk.instrument.traceUsage for more information
WARNING: Dynamic loading of agents will be disallowed by default in a future release
]]></system-err>
</testsuite>
