<?xml version="1.0" encoding="UTF-8"?>
<testsuite name="be.kdg.dishsg.security.config.SecurityConfingTest" tests="2" skipped="0" failures="0" errors="0" timestamp="2026-05-16T18:10:58.049Z" hostname="Sebastians-MacBook-Air.local" time="0.057">
  <properties/>
  <testcase name="publicDishesEndpointIgnoresInvalidBearerToken()" classname="be.kdg.dishsg.security.config.SecurityConfingTest" time="0.052"/>
  <testcase name="publicDishesEndpointDoesNotRequireAuthentication()" classname="be.kdg.dishsg.security.config.SecurityConfingTest" time="0.004"/>
  <system-out><![CDATA[20:10:55.597 [Test worker] INFO org.springframework.test.context.support.AnnotationConfigContextLoaderUtils -- Could not detect default configuration classes for test class [be.kdg.dishsg.security.config.SecurityConfingTest]: SecurityConfingTest does not declare any static, non-private, non-final, nested classes annotated with @Configuration.
20:10:55.684 [Test worker] INFO org.springframework.boot.test.context.SpringBootTestContextBootstrapper -- Found @SpringBootConfiguration be.kdg.dishsg.DishsgApplication for test class be.kdg.dishsg.security.config.SecurityConfingTest

  .   ____          _            __ _ _
 /\\ / ___'_ __ _ _(_)_ __  __ _ \ \ \ \
( ( )\___ | '_ | '_| | '_ \/ _` | \ \ \ \
 \\/  ___)| |_)| | | | | || (_| |  ) ) ) )
  '  |____| .__|_| |_|_| |_\__, | / / / /
 =========|_|==============|___/=/_/_/_/

 :: Spring Boot ::                (v3.5.6)

2026-05-16T20:10:55.892+02:00  INFO 38337 --- [    Test worker] b.k.d.s.config.SecurityConfingTest       : Starting SecurityConfingTest using Java 21.0.8 with PID 38337 (started by sebastian in /Users/sebastian/IdeaProjects/backendKeepDishes)
2026-05-16T20:10:55.893+02:00  INFO 38337 --- [    Test worker] b.k.d.s.config.SecurityConfingTest       : No active profile set, falling back to 1 default profile: "default"
2026-05-16T20:10:57.176+02:00  INFO 38337 --- [    Test worker] o.s.b.t.m.w.SpringBootMockServletContext : Initializing Spring TestDispatcherServlet ''
2026-05-16T20:10:57.176+02:00  INFO 38337 --- [    Test worker] o.s.t.web.servlet.TestDispatcherServlet  : Initializing Servlet ''
2026-05-16T20:10:57.177+02:00  INFO 38337 --- [    Test worker] o.s.t.web.servlet.TestDispatcherServlet  : Completed initialization in 1 ms
2026-05-16T20:10:57.195+02:00  INFO 38337 --- [    Test worker] b.k.d.s.config.SecurityConfingTest       : Started SecurityConfingTest in 1.473 seconds (process running for 1.986)
2026-05-16T20:10:57.215+02:00  INFO 38337 --- [    Test worker] com.tngtech.archunit.core.PluginLoader   : Detected Java version 21.0.8
2026-05-16T20:10:58.040+02:00  INFO 38337 --- [    Test worker] be.kdg.dishsg.DishsgApplication          : 
# Catalog
> Logical name: catalog
> Base package: be.kdg.dishsg.catalog
> Excluded packages: none
> Spring beans:
  o ….adapter.out.persistence.DishPersistenceAdapter
  o ….adapter.out.persistence.SpringDataDishRepository
  o ….app.ApplyPendingChangesService
  o ….app.DishDraftService
  o ….app.DishPublishingService
  o ….app.DishStockService
  o ….app.GetPublishedDishesService
  o ….app.ScheduleDishChangesService
  o ….web.DishController
  o ….web.PublicDishController

2026-05-16T20:10:58.041+02:00  INFO 38337 --- [    Test worker] be.kdg.dishsg.DishsgApplication          : 
# Common
> Logical name: common
> Base package: be.kdg.dishsg.common
> Excluded packages: none
> Spring beans:
  o ….config.RabbitMQConfig
  o org.springframework.amqp.core.TopicExchange
  o org.springframework.amqp.rabbit.config.SimpleRabbitListenerContainerFactory
  o org.springframework.amqp.support.converter.MessageConverter

2026-05-16T20:10:58.042+02:00  INFO 38337 --- [    Test worker] be.kdg.dishsg.DishsgApplication          : 
# Order
> Logical name: order
> Base package: be.kdg.dishsg.order
> Excluded packages: none
> Spring beans:
  o ….adapter.out.persistence.OrderPersistenceAdapter
  o ….adapter.out.persistence.SpringDataOrderRepository
  o ….app.AutoDeclineOrdersService
  o ….app.DeliveryEventListener
  o ….app.OrderService
  o ….web.OrderController
  o ….web.PublicOrderController

2026-05-16T20:10:58.042+02:00  INFO 38337 --- [    Test worker] be.kdg.dishsg.DishsgApplication          : 
# Security
> Logical name: security
> Base package: be.kdg.dishsg.security
> Excluded packages: none
> Spring beans:
  o ….adapter.in.web.AuthController
  o ….adapter.in.web.AuthExceptionHandler
  o ….application.OwnerAuthenticationService
  o ….application.OwnerLoginServiceImpl
  o ….config.SecurityConfing
  o ….infra.auth.OwnerSessionAuthenticationFilter
  o ….infra.auth.OwnerSessionTokenStore
  o ….infra.persistence.OwnerAccountRepositoryAdapter
  o ….infra.persistence.SpringDataOwnerAccountRepository
  o org.springframework.boot.web.servlet.FilterRegistrationBean
  o org.springframework.security.crypto.password.PasswordEncoder
  o org.springframework.security.oauth2.server.resource.authentication.JwtAuthenticationConverter
  o org.springframework.security.web.SecurityFilterChain
  o org.springframework.web.cors.CorsConfigurationSource

2026-05-16T20:10:58.043+02:00  INFO 38337 --- [    Test worker] be.kdg.dishsg.DishsgApplication          : 
# Pricerange
> Logical name: pricerange
> Base package: be.kdg.dishsg.pricerange
> Excluded packages: none
> Spring beans:
  o ….adapter.out.persistence.PriceRangeCriteriaEventPersistenceAdapter
  o ….adapter.out.persistence.SpringDataPriceRangeCriteriaEventRepository
  o ….app.PriceRangeCriteriaSeeder
  o ….app.PriceRangeService
  o ….web.PriceRangeController

2026-05-16T20:10:58.043+02:00  INFO 38337 --- [    Test worker] be.kdg.dishsg.DishsgApplication          : 
# Restaurant
> Logical name: restaurant
> Base package: be.kdg.dishsg.restaurant
> Excluded packages: none
> Spring beans:
  o ….app.CreateRestaurantService
  o ….app.OpenCloseRestaurantService
  o ….infra.adapter.RestaurantRepositoryAdapter
  o ….infra.persistence.RestaurantJpaRepository
  o ….web.PublicRestaurantController
  o ….web.RestaurantController

]]></system-out>
  <system-err><![CDATA[Mockito is currently self-attaching to enable the inline-mock-maker. This will no longer work in future releases of the JDK. Please add Mockito as an agent to your build as described in Mockito's documentation: https://javadoc.io/doc/org.mockito/mockito-core/latest/org.mockito/org/mockito/Mockito.html#0.3
WARNING: A Java agent has been loaded dynamically (/Users/sebastian/.gradle/caches/modules-2/files-2.1/net.bytebuddy/byte-buddy-agent/1.17.7/fbf3d6d649ed37fc9e9c59480a05be0a26e3c2da/byte-buddy-agent-1.17.7.jar)
WARNING: If a serviceability tool is in use, please run with -XX:+EnableDynamicAgentLoading to hide this warning
WARNING: If a serviceability tool is not in use, please run with -Djdk.instrument.traceUsage for more information
WARNING: Dynamic loading of agents will be disallowed by default in a future release
]]></system-err>
</testsuite>
