<?xml version="1.0" encoding="UTF-8"?>
<testsuite name="be.kdg.dishsg.catalog.app.ApplyPendingChangesServiceTest" tests="2" skipped="0" failures="0" errors="0" timestamp="2026-05-09T21:28:05.143Z" hostname="Sebastians-MacBook-Air.local" time="0.002">
  <properties/>
  <testcase name="appliesDraftsWhenRestaurantWouldStayWithinLimit()" classname="be.kdg.dishsg.catalog.app.ApplyPendingChangesServiceTest" time="0.002"/>
  <testcase name="throwsWhenApplyingDraftsWouldExceedLimit()" classname="be.kdg.dishsg.catalog.app.ApplyPendingChangesServiceTest" time="0.0"/>
  <system-out><![CDATA[]]></system-out>
  <system-err><![CDATA[]]></system-err>
</testsuite>
