<?xml version="1.0" encoding="UTF-8"?>
<testsuite name="be.kdg.dishsg.security.application.OwnerAuthenticationServiceTest" tests="4" skipped="0" failures="0" errors="0" timestamp="2026-05-09T21:28:05.145Z" hostname="Sebastians-MacBook-Air.local" time="0.363">
  <properties/>
  <testcase name="signInRejectsInvalidPassword()" classname="be.kdg.dishsg.security.application.OwnerAuthenticationServiceTest" time="0.125"/>
  <testcase name="signUpCreatesOwnerAccount()" classname="be.kdg.dishsg.security.application.OwnerAuthenticationServiceTest" time="0.059"/>
  <testcase name="signUpRejectsDuplicateEmail()" classname="be.kdg.dishsg.security.application.OwnerAuthenticationServiceTest" time="0.059"/>
  <testcase name="signInReturnsTokenForValidCredentials()" classname="be.kdg.dishsg.security.application.OwnerAuthenticationServiceTest" time="0.119"/>
  <system-out><![CDATA[]]></system-out>
  <system-err><![CDATA[]]></system-err>
</testsuite>
