<?xml version="1.0" encoding="UTF-8"?>
<testsuite name="be.kdg.dishsg.dish.app.ApplyPendingDishesServiceImplTest" tests="2" skipped="0" failures="0" errors="0" timestamp="2026-03-09T00:23:33.397Z" hostname="Sebastians-MacBook-Air.local" time="0.003">
  <properties/>
  <testcase name="appliesDraftsWhenRestaurantWouldStayWithinLimit()" classname="be.kdg.dishsg.dish.app.ApplyPendingDishesServiceImplTest" time="0.002"/>
  <testcase name="throwsWhenApplyingDraftsWouldExceedLimit()" classname="be.kdg.dishsg.dish.app.ApplyPendingDishesServiceImplTest" time="0.001"/>
  <system-out><![CDATA[]]></system-out>
  <system-err><![CDATA[]]></system-err>
</testsuite>
